<?xml version="1.0" encoding="UTF-8"?>
<testsuite name="FractionHamcrestTest" tests="1" skipped="0" failures="0" errors="0" timestamp="2022-11-30T18:08:23" hostname="RN-00100" time="0.031">
  <properties/>
  <testcase name="checkFractionsNegativeAdds()" classname="FractionHamcrestTest" time="0.031"/>
  <system-out><![CDATA[]]></system-out>
  <system-err><![CDATA[]]></system-err>
</testsuite>
