<?xml version="1.0" encoding="UTF-8"?>
<testsuite name="FriendshipsHamcrestTest" tests="1" skipped="0" failures="0" errors="0" timestamp="2022-11-20T13:26:26" hostname="RN-00100" time="0.026">
  <properties/>
  <testcase name="checkMakeFriendsFalse()" classname="FriendshipsHamcrestTest" time="0.026"/>
  <system-out><![CDATA[[turkey]
]]></system-out>
  <system-err><![CDATA[]]></system-err>
</testsuite>
