<?xml version="1.0" encoding="UTF-8"?>
<testsuite name="PalindromeHamcrestTest" tests="5" skipped="0" failures="0" errors="0" timestamp="2022-11-20T15:16:38" hostname="RN-00100" time="0.08">
  <properties/>
  <testcase name="CheckFalseAndTrue()" classname="PalindromeHamcrestTest" time="0.064"/>
  <testcase name="checkFalse()" classname="PalindromeHamcrestTest" time="0.002"/>
  <testcase name="checkListSize()" classname="PalindromeHamcrestTest" time="0.001"/>
  <testcase name="checkTrue()" classname="PalindromeHamcrestTest" time="0.003"/>
  <testcase name="checkListEquals()" classname="PalindromeHamcrestTest" time="0.001"/>
  <system-out><![CDATA[[true, false]
[true, false]
[true, false, false, false]
]]></system-out>
  <system-err><![CDATA[]]></system-err>
</testsuite>
